<?xml version="1.0" encoding="UTF-8"?>
<testsuite name="ru.vcrop.game2048util.UtilsTest" tests="4" skipped="0" failures="0" errors="0" timestamp="2022-02-22T12:05:04" hostname="ms7599ubuntu" time="0.067">
  <properties/>
  <testcase name="transformMatrixRight()" classname="ru.vcrop.game2048util.UtilsTest" time="0.055"/>
  <testcase name="transformMatrixUnion()" classname="ru.vcrop.game2048util.UtilsTest" time="0.002"/>
  <testcase name="clearMatrix()" classname="ru.vcrop.game2048util.UtilsTest" time="0.002"/>
  <testcase name="transformMatrixDown()" classname="ru.vcrop.game2048util.UtilsTest" time="0.003"/>
  <system-out><![CDATA[]]></system-out>
  <system-err><![CDATA[]]></system-err>
</testsuite>
